<?xml version="1.0" encoding="UTF-8"?>
<testng-results skipped="0" failed="0" ignored="0" total="1" passed="1">
  <reporter-output>
  </reporter-output>
  <suite name="Default suite" duration-ms="50" started-at="2022-03-14T16:12:57 IST" finished-at="2022-03-14T16:12:57 IST">
    <groups>
    </groups>
    <test name="Default test" duration-ms="50" started-at="2022-03-14T16:12:57 IST" finished-at="2022-03-14T16:12:57 IST">
      <class name="ContactTest.ReadDataTest">
        <test-method status="PASS" signature="readDataTest()[pri:0, instance:ContactTest.ReadDataTest@614ddd49]" name="readDataTest" duration-ms="10" started-at="2022-03-14T16:12:57 IST" finished-at="2022-03-14T16:12:57 IST">
          <reporter-output>
          </reporter-output>
        </test-method> <!-- readDataTest -->
      </class> <!-- ContactTest.ReadDataTest -->
    </test> <!-- Default test -->
  </suite> <!-- Default suite -->
</testng-results>
